#
# There is insufficient memory for the Java Runtime Environment to continue.
# Native memory allocation (malloc) failed to allocate 1048576 bytes for AllocateHeap
# Possible reasons:
#   The system is out of physical RAM or swap space
#   In 32 bit mode, the process size limit was hit
# Possible solutions:
#   Reduce memory load on the system
#   Increase physical memory or swap space
#   Check if swap backing store is full
#   Use 64 bit Java on a 64 bit OS
#   Decrease Java heap size (-Xmx/-Xms)
#   Decrease number of Java threads
#   Decrease Java thread stack sizes (-Xss)
#   Set larger code cache with -XX:ReservedCodeCacheSize=
# This output file may be truncated or incomplete.
#
#  Out of Memory Error (memory/allocation.inline.hpp:61), pid=46288, tid=0x0000000000007894
#
# JRE version:  (8.0_161-b12) (build )
# Java VM: Java HotSpot(TM) 64-Bit Server VM (25.161-b12 mixed mode windows-amd64 compressed oops)
# Failed to write core dump. Minidumps are not enabled by default on client versions of Windows
#

---------------  T H R E A D  ---------------

Current thread (0x0000000002ce2800):  JavaThread "Unknown thread" [_thread_in_vm, id=30868, stack(0x0000000002a60000,0x0000000002b60000)]

Stack: [0x0000000002a60000,0x0000000002b60000]
[error occurred during error reporting (printing stack bounds), id 0xc0000005]

Native frames: (J=compiled Java code, j=interpreted, Vv=VM code, C=native code)


---------------  P R O C E S S  ---------------

Java Threads: ( => current thread )

Other Threads:

=>0x0000000002ce2800 (exited) JavaThread "Unknown thread" [_thread_in_vm, id=30868, stack(0x0000000002a60000,0x0000000002b60000)]

VM state:not at safepoint (normal execution)

VM Mutex/Monitor currently owned by a thread: None

Heap:
 PSYoungGen      total 38400K, used 665K [0x00000000d5f80000, 0x00000000d8a00000, 0x0000000100000000)
  eden space 33280K, 2% used [0x00000000d5f80000,0x00000000d6026670,0x00000000d8000000)
  from space 5120K, 0% used [0x00000000d8500000,0x00000000d8500000,0x00000000d8a00000)
  to   space 5120K, 0% used [0x00000000d8000000,0x00000000d8000000,0x00000000d8500000)
 ParOldGen       total 87552K, used 0K [0x0000000081e00000, 0x0000000087380000, 0x00000000d5f80000)
  object space 87552K, 0% used [0x0000000081e00000,0x0000000081e00000,0x0000000087380000)
 Metaspace       used 783K, capacity 1092K, committed 1152K, reserved 1060864K
  class space    used 75K, capacity 384K, committed 384K, reserved 1048576K

Card table byte_map: [0x00000000121a0000,0x00000000125a0000] byte_map_base: 0x0000000011d91000

Marking Bits: (ParMarkBitMap*) 0x000000006865f860
 Begin Bits: [0x0000000013050000, 0x0000000014fd8000)
 End Bits:   [0x0000000014fd8000, 0x0000000016f60000)

Polling page: 0x0000000000d30000

CodeCache: size=245760Kb used=328Kb max_used=328Kb free=245431Kb
 bounds [0x0000000002de0000, 0x0000000003050000, 0x0000000011de0000]
 total_blobs=58 nmethods=0 adapters=38
 compilation: enabled

Compilation events (0 events):
No events

GC Heap History (0 events):
No events

Deoptimization events (0 events):
No events

Classes redefined (0 events):
No events

Internal exceptions (0 events):
No events

Events (10 events):
Event: 0.049 loading class java/lang/Short
Event: 0.049 loading class java/lang/Short done
Event: 0.049 loading class java/lang/Integer
Event: 0.049 loading class java/lang/Integer done
Event: 0.049 loading class java/lang/Long
Event: 0.049 loading class java/lang/Long done
Event: 0.050 loading class java/lang/NullPointerException
Event: 0.050 loading class java/lang/NullPointerException done
Event: 0.050 loading class java/lang/ArithmeticException
Event: 0.050 loading class java/lang/ArithmeticException done


Dynamic libraries:
0x00007ff670ef0000 - 0x00007ff670f27000 	C:\Program Files\Java\jdk1.8.0_161\bin\java.exe
0x00007ff86a6a0000 - 0x00007ff86a881000 	C:\WINDOWS\SYSTEM32\ntdll.dll
0x00007ff869760000 - 0x00007ff869812000 	C:\WINDOWS\System32\KERNEL32.DLL
0x00007ff867850000 - 0x00007ff867ac3000 	C:\WINDOWS\System32\KERNELBASE.dll
0x00007ff869e10000 - 0x00007ff869eb1000 	C:\WINDOWS\System32\ADVAPI32.dll
0x00007ff869d70000 - 0x00007ff869e0e000 	C:\WINDOWS\System32\msvcrt.dll
0x00007ff869520000 - 0x00007ff86957b000 	C:\WINDOWS\System32\sechost.dll
0x00007ff86a3b0000 - 0x00007ff86a4d4000 	C:\WINDOWS\System32\RPCRT4.dll
0x00007ff86a4e0000 - 0x00007ff86a670000 	C:\WINDOWS\System32\USER32.dll
0x00007ff866b20000 - 0x00007ff866b40000 	C:\WINDOWS\System32\win32u.dll
0x00007ff867d10000 - 0x00007ff867d38000 	C:\WINDOWS\System32\GDI32.dll
0x00007ff866b40000 - 0x00007ff866cd2000 	C:\WINDOWS\System32\gdi32full.dll
0x00007ff8673f0000 - 0x00007ff86748f000 	C:\WINDOWS\System32\msvcp_win.dll
0x00007ff867490000 - 0x00007ff86758a000 	C:\WINDOWS\System32\ucrtbase.dll
0x00007ff84e3b0000 - 0x00007ff84e619000 	C:\WINDOWS\WinSxS\amd64_microsoft.windows.common-controls_6595b64144ccf1df_6.0.17134.523_none_fb409dd930672a56\COMCTL32.dll
0x00007ff869190000 - 0x00007ff8694b2000 	C:\WINDOWS\System32\combase.dll
0x00007ff8675e0000 - 0x00007ff86765a000 	C:\WINDOWS\System32\bcryptPrimitives.dll
0x00007ff86a1f0000 - 0x00007ff86a21d000 	C:\WINDOWS\System32\IMM32.DLL
0x0000000069850000 - 0x0000000069922000 	C:\Program Files\Java\jdk1.8.0_161\jre\bin\msvcr100.dll
0x0000000067e40000 - 0x00000000686df000 	C:\Program Files\Java\jdk1.8.0_161\jre\bin\server\jvm.dll
0x00007ff869d40000 - 0x00007ff869d48000 	C:\WINDOWS\System32\PSAPI.DLL
0x00007ff860c10000 - 0x00007ff860c33000 	C:\WINDOWS\SYSTEM32\WINMM.dll
0x00007ff849140000 - 0x00007ff849149000 	C:\WINDOWS\SYSTEM32\WSOCK32.dll
0x00007ff859830000 - 0x00007ff85983a000 	C:\WINDOWS\SYSTEM32\VERSION.dll
0x00007ff86a340000 - 0x00007ff86a3ac000 	C:\WINDOWS\System32\WS2_32.dll
0x00007ff860a40000 - 0x00007ff860a6a000 	C:\WINDOWS\SYSTEM32\winmmbase.dll
0x00007ff867590000 - 0x00007ff8675d9000 	C:\WINDOWS\System32\cfgmgr32.dll
0x000000006ac20000 - 0x000000006ac2f000 	C:\Program Files\Java\jdk1.8.0_161\jre\bin\verify.dll
0x000000006abf0000 - 0x000000006ac19000 	C:\Program Files\Java\jdk1.8.0_161\jre\bin\java.dll
0x0000000069550000 - 0x0000000069573000 	C:\Program Files\Java\jdk1.8.0_161\jre\bin\instrument.dll
0x0000000069830000 - 0x0000000069846000 	C:\Program Files\Java\jdk1.8.0_161\jre\bin\zip.dll

VM Arguments:
jvm_args: -Dmaven.home=D:\MavenServer\apache-maven-3.0.5 -Dclassworlds.conf=D:\MavenServer\apache-maven-3.0.5\bin\m2.conf -javaagent:C:\Program Files\JetBrains\IntelliJ IDEA 2017.2.2\lib\idea_rt.jar=59135:C:\Program Files\JetBrains\IntelliJ IDEA 2017.2.2\bin -Dfile.encoding=UTF-8 
java_command: org.codehaus.classworlds.Launcher -Didea.version=2017.2.2 --update-snapshots -s D:\MavenServer\MavenRepository\settings.xml -Dmaven.repo.local=D:\MavenServer\MavenRepository\Maven_jar -DskipTests=true install
java_class_path (initial): D:\MavenServer\apache-maven-3.0.5\boot\plexus-classworlds-2.4.jar;C:\Program Files\JetBrains\IntelliJ IDEA 2017.2.2\lib\idea_rt.jar
Launcher Type: SUN_STANDARD

Environment Variables:
JAVA_HOME=C:\Program Files\Java\jdk1.8.0_161
JRE_HOME=C:\Program Files\Java\jre1.8.0_161
CLASSPATH=.C:\Program Files\Java\jdk1.8.0_161\lib;C:\Program Files\Java\jdk1.8.0_161lib\tools.jar;
PATH=D:\Python3.7\Scripts\;D:\Python3.7\;C:\Oracle\product\11.2.0\dbhome_1\bin;C:\ProgramData\Oracle\Java\javapath;C:\Program Files (x86)\Intel\iCLS Client\;C:\Program Files\Intel\iCLS Client\;C:\windows\system32;C:\windows;C:\windows\System32\Wbem;C:\windows\System32\WindowsPowerShell\v1.0\;C:\Program Files (x86)\Intel\Intel(R) Management Engine Components\DAL;C:\Program Files\Intel\Intel(R) Management Engine Components\DAL;C:\Program Files (x86)\Intel\Intel(R) Management Engine Components\IPT;C:\Program Files\Intel\Intel(R) Management Engine Components\IPT;C:\Program Files (x86)\NVIDIA Corporation\PhysX\Common;D:\Matlab\MatlabSetup\runtime\win64;D:\Matlab\MatlabSetup\bin;D:\Matlab\MatlabSetup\polyspace\bin;C:\WINDOWS\system32;C:\WINDOWS;C:\WINDOWS\System32\Wbem;C:\WINDOWS\System32\WindowsPowerShell\v1.0\;D:\Python\Scripts;C:\Program Files\Git\cmd;C:\Program Files\nodejs\;C:\WINDOWS\System32\OpenSSH\;C:\Program Files\TortoiseSVN\bin;D:\MavenServer\apache-maven-3.0.5\bin;C:\Program Files\Java\jdk1.8.0_161\bin;C:\Program Files\Java\jdk1.8.0_161\jre\bin;C:\Program Files\Intel\WiFi\bin\;C:\Program Files\Common Files\Intel\WirelessCommon\;C:\Program Files\PuTTY\;C:\Users\Johnson\AppData\Local\Microsoft\WindowsApps;C:\Users\Johnson\AppData\Roaming\npm;%USERPROFILE%\AppData\Local\Microsoft\WindowsApps;
USERNAME=Johnson
OS=Windows_NT
PROCESSOR_IDENTIFIER=Intel64 Family 6 Model 142 Stepping 10, GenuineIntel



---------------  S Y S T E M  ---------------

OS: Windows 10.0 , 64 bit Build 17134 (10.0.17134.1)

CPU:total 8 (initial active 8) (4 cores per cpu, 2 threads per core) family 6 model 142 stepping 10, cmov, cx8, fxsr, mmx, sse, sse2, sse3, ssse3, sse4.1, sse4.2, popcnt, avx, avx2, aes, clmul, erms, 3dnowpref, lzcnt, ht, tsc, tscinvbit, bmi1, bmi2, adx

Memory: 4k page, physical 8259240k(752104k free), swap 33425064k(4332k free)

vm_info: Java HotSpot(TM) 64-Bit Server VM (25.161-b12) for windows-amd64 JRE (1.8.0_161-b12), built on Dec 19 2017 17:52:25 by "java_re" with MS VC++ 10.0 (VS2010)

time: Fri Jan 18 11:20:31 2019
elapsed time: 0 seconds (0d 0h 0m 0s)

